TN:
SF:server.js
FN:19,(anonymous_0)
FN:21,(anonymous_1)
FN:49,(anonymous_2)
FN:64,(anonymous_3)
FN:79,(anonymous_4)
FN:84,(anonymous_5)
FN:89,(anonymous_6)
FN:104,(anonymous_7)
FN:106,(anonymous_8)
FN:110,(anonymous_9)
FNF:10
FNH:4
FNDA:2,(anonymous_0)
FNDA:2,(anonymous_1)
FNDA:0,(anonymous_2)
FNDA:1,(anonymous_3)
FNDA:1,(anonymous_4)
FNDA:0,(anonymous_5)
FNDA:0,(anonymous_6)
FNDA:0,(anonymous_7)
FNDA:0,(anonymous_8)
FNDA:0,(anonymous_9)
DA:1,1
DA:2,1
DA:3,1
DA:5,1
DA:11,1
DA:13,1
DA:19,1
DA:20,2
DA:21,2
DA:22,2
DA:28,2
DA:31,1
DA:37,1
DA:42,1
DA:49,1
DA:50,0
DA:51,0
DA:54,0
DA:55,0
DA:56,0
DA:57,0
DA:59,0
DA:64,1
DA:66,1
DA:67,1
DA:70,0
DA:71,0
DA:72,0
DA:74,0
DA:79,1
DA:80,1
DA:84,1
DA:85,0
DA:89,1
DA:90,0
DA:91,0
DA:99,1
DA:101,1
DA:102,0
DA:105,0
DA:106,0
DA:107,0
DA:111,0
DA:112,0
DA:116,1
LF:45
LH:25
BRDA:24,0,0,2
BRDA:24,0,1,0
BRDA:50,1,0,0
BRDA:50,1,1,0
BRDA:66,2,0,1
BRDA:66,2,1,0
BRDA:99,3,0,1
BRDA:99,3,1,1
BRDA:101,4,0,0
BRDA:101,4,1,1
BRF:10
BRH:5
end_of_record
